<?xml version="1.0" encoding="UTF-8"?>
<!-- Generated by org.testng.reporters.JUnitReportReporter -->
<testsuite hostname="Dougs-Ultrabook" failures="0" tests="1" name="com.tests.KayakProjectTests" time="71.874" errors="0" timestamp="2022-12-22T10:10:45 EST" skipped="0">
  <testcase classname="com.tests.KayakProjectTests" name="searchTicket" time="71.874"/>
  <system-out/>
</testsuite> <!-- com.tests.KayakProjectTests -->
