<?xml version="1.0" encoding="UTF-8"?>
<!-- Generated by org.testng.reporters.JUnitReportReporter -->
<testsuite hostname="Dougs-Ultrabook" failures="0" tests="1" name="com.tests.KayakProjectTests" time="64.733" errors="0" timestamp="2022-12-26T11:59:53 EST" skipped="0">
  <testcase classname="com.tests.KayakProjectTests" name="searchTicket" time="64.733"/>
  <system-out/>
</testsuite> <!-- com.tests.KayakProjectTests -->
